#
# A fatal error has been detected by the Java Runtime Environment:
#
#  EXCEPTION_ACCESS_VIOLATION (0xc0000005) at pc=0x000000005f8bf3bb, pid=6232, tid=0x000000000000226c
#
# JRE version: OpenJDK Runtime Environment (8.0_152-b01) (build 1.8.0_152-release-1343-b01)
# Java VM: OpenJDK 64-Bit Server VM (25.152-b01 mixed mode windows-amd64 compressed oops)
# Problematic frame:
# V  [jvm.dll+0xef3bb]
#
# Failed to write core dump. Minidumps are not enabled by default on client versions of Windows
#
# If you would like to submit a bug report, please visit:
#   http://bugreport.java.com/bugreport/crash.jsp
#

---------------  T H R E A D  ---------------

Current thread (0x0000000002719000):  GCTaskThread [stack: 0x00000000121d0000,0x00000000122d0000] [id=8812]

siginfo: ExceptionCode=0xc0000005, reading address 0x000000052473aa08

Registers:
RAX=0x00000000124d0000, RBX=0x00000000a48dba18, RCX=0x0000000000000003, RDX=0x0000000000000001
RSP=0x00000000122cfb20, RBP=0x00000000a5dc52d4, RSI=0x00000000027eb100, RDI=0x00000000027eb100
R8 =0x000000052473aa00, R9 =0x000000010080cec8, R10=0x000000000000000c, R11=0x000000005fd98888
R12=0x00000000a5dc52d8, R13=0x000000010080d120, R14=0x000000010080d128, R15=0x00000000a5dc52c0
RIP=0x000000005f8bf3bb, EFLAGS=0x0000000000010206

Top of Stack: (sp=0x00000000122cfb20)
0x00000000122cfb20:   000000010080cec8 00000000a5dbb2c4
0x00000000122cfb30:   00000000a5dbf400 000000005f9c5fd2
0x00000000122cfb40:   0000000000000000 00000000027194e0
0x00000000122cfb50:   0000000002712040 00000000027eb100
0x00000000122cfb60:   0000000000001bcb 000000005fb93de0
0x00000000122cfb70:   00000000027eb100 00000000122cfc89
0x00000000122cfb80:   00000000027eb100 000000005fde5aa8
0x00000000122cfb90:   00000000168551f8 00000000122cfc40
0x00000000122cfba0:   000000001cfe6eb0 0000000000000021
0x00000000122cfbb0:   00000000027eb100 000000005f8bda32
0x00000000122cfbc0:   00000000a08f9880 0000000000000000
0x00000000122cfbd0:   0000000000000000 0000000002712040
0x00000000122cfbe0:   00000000027194f0 00000000027194e0
0x00000000122cfbf0:   000000005fde5aa8 00000000027eb100
0x00000000122cfc00:   0000000000000000 00000000122cfc89
0x00000000122cfc10:   00000000027a0740 000000005fb91070 

Instructions: (pc=0x000000005f8bf3bb)
0x000000005f8bf39b:   6c 00 84 d2 74 16 44 8b 43 08 8b 0d ad d2 66 00
0x000000005f8bf3ab:   49 d3 e0 4c 03 05 9b d2 66 00 eb 04 4c 8b 43 08
0x000000005f8bf3bb:   45 8b 48 08 45 85 c9 7e 0c 41 f6 c1 01 75 4b 41
0x000000005f8bf3cb:   c1 f9 03 eb 57 79 43 84 d2 41 8b c9 b8 10 00 00 


Register to memory mapping:

RAX=0x00000000124d0000 is an unknown value
RBX=0x00000000a48dba18 is pointing into object: 0x00000000a48db970
[Ljava.lang.Object; 
 - klass: 'java/lang/Object'[]
 - length: 366
RCX=0x0000000000000003 is an unknown value
RDX=0x0000000000000001 is an unknown value
RSP=0x00000000122cfb20 is an unknown value
RBP=0x00000000a5dc52d4 is pointing into object: 0x00000000a5dc52c0
org.gradle.internal.fingerprint.impl.DefaultFileSystemLocationFingerprint 
 - klass: 'org/gradle/internal/fingerprint/impl/DefaultFileSystemLocationFingerprint'
RSI=0x00000000027eb100 is an unknown value
RDI=0x00000000027eb100 is an unknown value
R8 =0x000000052473aa00 is an unknown value
R9 =0x000000010080cec8 is pointing into metadata
R10=0x000000000000000c is an unknown value
R11=0x000000005fd98888 is an unknown value
R12=0x00000000a5dc52d8 is an oop
org.gradle.internal.fingerprint.impl.DefaultFileSystemLocationFingerprint 
 - klass: 'org/gradle/internal/fingerprint/impl/DefaultFileSystemLocationFingerprint'
R13=0x000000010080d120 is pointing into metadata
R14=0x000000010080d128 is pointing into metadata
R15=0x00000000a5dc52c0 is an oop
org.gradle.internal.fingerprint.impl.DefaultFileSystemLocationFingerprint 
 - klass: 'org/gradle/internal/fingerprint/impl/DefaultFileSystemLocationFingerprint'


Stack: [0x00000000121d0000,0x00000000122d0000],  sp=0x00000000122cfb20,  free space=1022k
Native frames: (J=compiled Java code, j=interpreted, Vv=VM code, C=native code)
V  [jvm.dll+0xef3bb]
V  [jvm.dll+0x3c3de0]
V  [jvm.dll+0x3c1070]
V  [jvm.dll+0x3bec9e]
V  [jvm.dll+0x26d9aa]
C  [msvcr100.dll+0x21d9f]
C  [msvcr100.dll+0x21e3b]
C  [KERNEL32.DLL+0x14034]
C  [ntdll.dll+0x73691]


---------------  P R O C E S S  ---------------

Java Threads: ( => current thread )
  0x000000001d1a1800 JavaThread "pool-24-thread-1" [_thread_blocked, id=16560, stack(0x0000000032990000,0x0000000032a90000)]
  0x000000001d19d000 JavaThread "Exec process Thread 3" [_thread_blocked, id=6624, stack(0x00000000318c0000,0x00000000319c0000)]
  0x000000001d1a0000 JavaThread "Exec process Thread 2" [_thread_blocked, id=8940, stack(0x00000000317c0000,0x00000000318c0000)]
  0x000000001994d800 JavaThread "Exec process" [_thread_blocked, id=1260, stack(0x00000000316c0000,0x00000000317c0000)]
  0x0000000019948000 JavaThread "WorkerExecutor Queue Thread 6" [_thread_blocked, id=9608, stack(0x00000000315c0000,0x00000000316c0000)]
  0x000000001d19b800 JavaThread "ForkJoinPool.commonPool-worker-0" daemon [_thread_blocked, id=18176, stack(0x000000002ac80000,0x000000002ad80000)]
  0x000000001d1a1000 JavaThread "ForkJoinPool.commonPool-worker-3" daemon [_thread_blocked, id=19440, stack(0x000000002ab80000,0x000000002ac80000)]
  0x000000001d57f800 JavaThread "Cache worker for Java compile cache (D:\work\droid_tu_sdk-release\tusdk-evavideo-for-android-demo\.gradle\5.1.1\javaCompile)" [_thread_blocked, id=17132, stack(0x000000002a980000,0x000000002aa80000)]
  0x000000001d57a800 JavaThread "Cache worker for Java compile cache (C:\Users\tutu-shenkun\.gradle\caches\5.1.1\javaCompile)" [_thread_blocked, id=8916, stack(0x000000002a880000,0x000000002a980000)]
  0x000000001d57d800 JavaThread "RMI TCP Connection(2)-127.0.0.1" daemon [_thread_in_native, id=18424, stack(0x000000002a780000,0x000000002a880000)]
  0x000000001d57f000 JavaThread "RMI Reaper" [_thread_blocked, id=5904, stack(0x000000002a680000,0x000000002a780000)]
  0x000000001d573000 JavaThread "RMI TCP Accept-0" daemon [_thread_in_native, id=13376, stack(0x000000002a580000,0x000000002a680000)]
  0x000000001d579800 JavaThread "GC Daemon" daemon [_thread_blocked, id=9504, stack(0x000000002a480000,0x000000002a580000)]
  0x000000001d577800 JavaThread "RMI Scheduler(0)" daemon [_thread_blocked, id=17944, stack(0x000000002a280000,0x000000002a380000)]
  0x000000001d572000 JavaThread "WorkerExecutor Queue Thread 4" [_thread_blocked, id=17972, stack(0x0000000028680000,0x0000000028780000)]
  0x000000001d579000 JavaThread "WorkerExecutor Queue Thread 3" [_thread_blocked, id=11476, stack(0x0000000028580000,0x0000000028680000)]
  0x000000001d576000 JavaThread "WorkerExecutor Queue" [_thread_blocked, id=5868, stack(0x0000000028380000,0x0000000028480000)]
  0x000000001bcec800 JavaThread "Cache worker for execution history cache (D:\work\droid_tu_sdk-release\tusdk-evavideo-for-android-demo\.gradle\5.1.1\executionHistory)" [_thread_blocked, id=13944, stack(0x0000000028280000,0x0000000028380000)]
  0x000000001bce3800 JavaThread "Execution worker for ':' Thread 3" [_thread_blocked, id=16496, stack(0x0000000028180000,0x0000000028280000)]
  0x000000001bcea800 JavaThread "Execution worker for ':' Thread 2" [_thread_blocked, id=3936, stack(0x0000000028080000,0x0000000028180000)]
  0x000000001bce9800 JavaThread "Execution worker for ':'" [_thread_blocked, id=18264, stack(0x0000000027f80000,0x0000000028080000)]
  0x000000001bce8000 JavaThread "Cache worker for file content cache (D:\work\droid_tu_sdk-release\tusdk-evavideo-for-android-demo\.gradle\5.1.1\fileContent)" [_thread_blocked, id=16588, stack(0x0000000027e80000,0x0000000027f80000)]
  0x000000001bcee000 JavaThread "Cache worker for Build Output Cleanup Cache (D:\work\droid_tu_sdk-release\tusdk-evavideo-for-android-demo\.gradle\buildOutputCleanup)" [_thread_blocked, id=13968, stack(0x0000000027d80000,0x0000000027e80000)]
  0x000000001bcec000 JavaThread "Build operations Thread 4" [_thread_blocked, id=17336, stack(0x0000000027c80000,0x0000000027d80000)]
  0x000000001bce9000 JavaThread "Build operations Thread 3" [_thread_blocked, id=3632, stack(0x0000000027b80000,0x0000000027c80000)]
  0x000000001bcef000 JavaThread "Build operations Thread 2" [_thread_blocked, id=19208, stack(0x0000000027a80000,0x0000000027b80000)]
  0x000000001bceb000 JavaThread "Build operations" [_thread_blocked, id=17976, stack(0x0000000027980000,0x0000000027a80000)]
  0x000000001bce0800 JavaThread "Cache worker for cache directory md-rule (C:\Users\tutu-shenkun\.gradle\caches\5.1.1\md-rule)" [_thread_blocked, id=12936, stack(0x0000000027880000,0x0000000027980000)]
  0x000000001bce7800 JavaThread "Cache worker for cache directory md-supplier (C:\Users\tutu-shenkun\.gradle\caches\5.1.1\md-supplier)" [_thread_blocked, id=5312, stack(0x0000000027780000,0x0000000027880000)]
  0x000000001bce6800 JavaThread "Cache worker for file hash cache (D:\work\droid_tu_sdk-release\tusdk-evavideo-for-android-demo\.gradle\5.1.1\fileHashes)" [_thread_blocked, id=18888, stack(0x0000000027680000,0x0000000027780000)]
  0x000000001bce6000 JavaThread "Thread-51" [_thread_blocked, id=1532, stack(0x0000000027580000,0x0000000027680000)]
  0x000000001bce3000 JavaThread "Stdin handler" [_thread_blocked, id=10120, stack(0x0000000027480000,0x0000000027580000)]
  0x000000001bce1800 JavaThread "Asynchronous log dispatcher for DefaultDaemonConnection: socket connection from /127.0.0.1:49687 to /127.0.0.1:49729" [_thread_blocked, id=16848, stack(0x0000000027380000,0x0000000027480000)]
  0x000000001bce4800 JavaThread "Cancel handler" [_thread_blocked, id=17028, stack(0x0000000027280000,0x0000000027380000)]
  0x000000001bce2000 JavaThread "Handler for socket connection from /127.0.0.1:49687 to /127.0.0.1:49729" [_thread_in_native, id=15624, stack(0x0000000027180000,0x0000000027280000)]
  0x000000001bce0000 JavaThread "MarlinRenderer Disposer" daemon [_thread_blocked, id=17560, stack(0x0000000026180000,0x0000000026280000)]
  0x000000001d575000 JavaThread "Java2D Disposer" daemon [_thread_blocked, id=14340, stack(0x0000000025480000,0x0000000025580000)]
  0x000000001d19e000 JavaThread "Cache worker for file content cache (C:\Users\tutu-shenkun\.gradle\caches\5.1.1\fileContent)" [_thread_blocked, id=16728, stack(0x0000000021e60000,0x0000000021f60000)]
  0x000000001d1a4000 JavaThread "Memory manager" [_thread_blocked, id=8212, stack(0x0000000021960000,0x0000000021a60000)]
  0x000000001d19c800 JavaThread "pool-1-thread-1" [_thread_blocked, id=15860, stack(0x0000000020950000,0x0000000020a50000)]
  0x000000001d19f800 JavaThread "Cache worker for execution history cache (C:\Users\tutu-shenkun\.gradle\caches\5.1.1\executionHistory)" [_thread_blocked, id=18492, stack(0x0000000020250000,0x0000000020350000)]
  0x000000001994a800 JavaThread "Cache worker for journal cache (C:\Users\tutu-shenkun\.gradle\caches\journal-1)" [_thread_blocked, id=17748, stack(0x000000001b750000,0x000000001b850000)]
  0x0000000019946800 JavaThread "File lock request listener" [_thread_in_native, id=17860, stack(0x000000001b650000,0x000000001b750000)]
  0x0000000019946000 JavaThread "Cache worker for file hash cache (C:\Users\tutu-shenkun\.gradle\caches\5.1.1\fileHashes)" [_thread_blocked, id=8320, stack(0x000000001b550000,0x000000001b650000)]
  0x0000000019672000 JavaThread "Daemon worker" [_thread_blocked, id=15580, stack(0x000000001b150000,0x000000001b250000)]
  0x0000000018caf800 JavaThread "Daemon" [_thread_blocked, id=18652, stack(0x000000001ac50000,0x000000001ad50000)]
  0x0000000018c3c000 JavaThread "Daemon periodic checks" [_thread_blocked, id=18592, stack(0x000000001ab50000,0x000000001ac50000)]
  0x0000000018a6a000 JavaThread "Incoming local TCP Connector on port 49687" [_thread_in_native, id=14848, stack(0x00000000197a0000,0x00000000198a0000)]
  0x0000000017542000 JavaThread "Service Thread" daemon [_thread_blocked, id=17652, stack(0x0000000017dd0000,0x0000000017ed0000)]
  0x00000000174da000 JavaThread "C1 CompilerThread2" daemon [_thread_blocked, id=10572, stack(0x0000000017cd0000,0x0000000017dd0000)]
  0x00000000161cc000 JavaThread "C2 CompilerThread1" daemon [_thread_blocked, id=15948, stack(0x0000000017bd0000,0x0000000017cd0000)]
  0x00000000161c8000 JavaThread "C2 CompilerThread0" daemon [_thread_blocked, id=17176, stack(0x0000000017ad0000,0x0000000017bd0000)]
  0x000000001617d800 JavaThread "Attach Listener" daemon [_thread_blocked, id=4464, stack(0x00000000179d0000,0x0000000017ad0000)]
  0x00000000174d8800 JavaThread "Signal Dispatcher" daemon [_thread_blocked, id=12960, stack(0x00000000178d0000,0x00000000179d0000)]
  0x00000000027fb800 JavaThread "Finalizer" daemon [_thread_blocked, id=13576, stack(0x00000000173d0000,0x00000000174d0000)]
  0x00000000027f0800 JavaThread "Reference Handler" daemon [_thread_blocked, id=4736, stack(0x00000000172d0000,0x00000000173d0000)]
  0x00000000025fe800 JavaThread "main" [_thread_blocked, id=8016, stack(0x0000000002600000,0x0000000002700000)]

Other Threads:
  0x0000000016137000 VMThread [stack: 0x00000000171d0000,0x00000000172d0000] [id=14484]
  0x0000000017542800 WatcherThread [stack: 0x0000000017ed0000,0x0000000017fd0000] [id=4916]

=>0x0000000002719000 (exited) GCTaskThread [stack: 0x00000000121d0000,0x00000000122d0000] [id=8812]

VM state:at safepoint (normal execution)

VM Mutex/Monitor currently owned by a thread:  ([mutex/lock_event])
[0x00000000025fd960] Threads_lock - owner thread: 0x0000000016137000
[0x00000000025fd2e0] Heap_lock - owner thread: 0x000000001d1a1800

Heap:
 PSYoungGen      total 342016K, used 65751K [0x00000000e0000000, 0x00000000ff000000, 0x0000000100000000)
  eden space 192512K, 0% used [0x00000000e0000000,0x00000000e0000000,0x00000000ebc00000)
  from space 149504K, 43% used [0x00000000f5e00000,0x00000000f9e35d58,0x00000000ff000000)
  to   space 157696K, 0% used [0x00000000ebc00000,0x00000000ebc00000,0x00000000f5600000)
 ParOldGen       total 1048576K, used 925620K [0x00000000a0000000, 0x00000000e0000000, 0x00000000e0000000)
  object space 1048576K, 88% used [0x00000000a0000000,0x00000000d87ed300,0x00000000e0000000)
 Metaspace       used 93681K, capacity 97664K, committed 97880K, reserved 1134592K
  class space    used 11857K, capacity 12635K, committed 12672K, reserved 1048576K

Card table byte_map: [0x0000000011bc0000,0x0000000011ed0000] byte_map_base: 0x00000000116c0000

Marking Bits: (ParMarkBitMap*) 0x000000005ff95aa0
 Begin Bits: [0x00000000124d0000, 0x0000000013cd0000)
 End Bits:   [0x0000000013cd0000, 0x00000000154d0000)

Polling page: 0x00000000008e0000

CodeCache: size=245760Kb used=55915Kb max_used=56140Kb free=189844Kb
 bounds [0x0000000002800000, 0x0000000005f30000, 0x0000000011800000]
 total_blobs=17983 nmethods=16982 adapters=911
 compilation: enabled

Compilation events (10 events):
Event: 131.189 Thread 0x00000000174da000 20577       3       com.android.apkzlib.sign.SigningExtension$1::lambda$added$0 (9 bytes)
Event: 131.189 Thread 0x00000000174da000 nmethod 20577 0x0000000002a58fd0 code [0x0000000002a59140, 0x0000000002a59328]
Event: 131.189 Thread 0x00000000174da000 20578       3       com.android.apkzlib.sign.SigningExtension::access$400 (6 bytes)
Event: 131.189 Thread 0x00000000174da000 nmethod 20578 0x000000000530e850 code [0x000000000530e9c0, 0x000000000530eb28]
Event: 131.189 Thread 0x00000000174da000 20579       3       com.android.apkzlib.sign.SigningExtension::onZipEntryOutput (76 bytes)
Event: 131.189 Thread 0x00000000174da000 nmethod 20579 0x0000000005bb4290 code [0x0000000005bb4480, 0x0000000005bb4a38]
Event: 131.189 Thread 0x00000000174da000 20580       3       com.android.apkzlib.sign.SigningExtension::setDirty (11 bytes)
Event: 131.190 Thread 0x00000000174da000 nmethod 20580 0x0000000004655c90 code [0x0000000004655de0, 0x0000000004655f50]
Event: 131.190 Thread 0x00000000174da000 20581       3       com.android.apksig.DefaultApkSignerEngine::outputJarEntry (269 bytes)
Event: 131.191 Thread 0x00000000174da000 nmethod 20581 0x0000000005b78450 code [0x0000000005b787a0, 0x0000000005b7a2b8]

GC Heap History (10 events):
Event: 129.529 GC heap after
Heap after GC invocations=23 (full 3):
 PSYoungGen      total 365568K, used 103822K [0x00000000e0000000, 0x0000000100000000, 0x0000000100000000)
  eden space 226304K, 0% used [0x00000000e0000000,0x00000000e0000000,0x00000000edd00000)
  from space 139264K, 74% used [0x00000000f7800000,0x00000000fdd638f8,0x0000000100000000)
  to   space 148992K, 0% used [0x00000000edd00000,0x00000000edd00000,0x00000000f6e80000)
 ParOldGen       total 1048576K, used 329068K [0x00000000a0000000, 0x00000000e0000000, 0x00000000e0000000)
  object space 1048576K, 31% used [0x00000000a0000000,0x00000000b415b238,0x00000000e0000000)
 Metaspace       used 93632K, capacity 97588K, committed 97880K, reserved 1134592K
  class space    used 11852K, capacity 12633K, committed 12672K, reserved 1048576K
}
Event: 129.724 GC heap before
{Heap before GC invocations=24 (full 3):
 PSYoungGen      total 365568K, used 330126K [0x00000000e0000000, 0x0000000100000000, 0x0000000100000000)
  eden space 226304K, 100% used [0x00000000e0000000,0x00000000edd00000,0x00000000edd00000)
  from space 139264K, 74% used [0x00000000f7800000,0x00000000fdd638f8,0x0000000100000000)
  to   space 148992K, 0% used [0x00000000edd00000,0x00000000edd00000,0x00000000f6e80000)
 ParOldGen       total 1048576K, used 336084K [0x00000000a0000000, 0x00000000e0000000, 0x00000000e0000000)
  object space 1048576K, 32% used [0x00000000a0000000,0x00000000b4835208,0x00000000e0000000)
 Metaspace       used 93662K, capacity 97658K, committed 97880K, reserved 1134592K
  class space    used 11856K, capacity 12634K, committed 12672K, reserved 1048576K
Event: 129.753 GC heap after
Heap after GC invocations=24 (full 3):
 PSYoungGen      total 337920K, used 111203K [0x00000000e0000000, 0x0000000100000000, 0x0000000100000000)
  eden space 226304K, 0% used [0x00000000e0000000,0x00000000e0000000,0x00000000edd00000)
  from space 111616K, 99% used [0x00000000edd00000,0x00000000f4998cf0,0x00000000f4a00000)
  to   space 158720K, 0% used [0x00000000f6500000,0x00000000f6500000,0x0000000100000000)
 ParOldGen       total 1048576K, used 435376K [0x00000000a0000000, 0x00000000e0000000, 0x00000000e0000000)
  object space 1048576K, 41% used [0x00000000a0000000,0x00000000ba92c120,0x00000000e0000000)
 Metaspace       used 93662K, capacity 97658K, committed 97880K, reserved 1134592K
  class space    used 11856K, capacity 12634K, committed 12672K, reserved 1048576K
}
Event: 130.015 GC heap before
{Heap before GC invocations=25 (full 3):
 PSYoungGen      total 337920K, used 337507K [0x00000000e0000000, 0x0000000100000000, 0x0000000100000000)
  eden space 226304K, 100% used [0x00000000e0000000,0x00000000edd00000,0x00000000edd00000)
  from space 111616K, 99% used [0x00000000edd00000,0x00000000f4998cf0,0x00000000f4a00000)
  to   space 158720K, 0% used [0x00000000f6500000,0x00000000f6500000,0x0000000100000000)
 ParOldGen       total 1048576K, used 497806K [0x00000000a0000000, 0x00000000e0000000, 0x00000000e0000000)
  object space 1048576K, 47% used [0x00000000a0000000,0x00000000be623a50,0x00000000e0000000)
 Metaspace       used 93666K, capacity 97658K, committed 97880K, reserved 1134592K
  class space    used 11856K, capacity 12634K, committed 12672K, reserved 1048576K
Event: 130.046 GC heap after
Heap after GC invocations=25 (full 3):
 PSYoungGen      total 351232K, used 109221K [0x00000000e0000000, 0x0000000100000000, 0x0000000100000000)
  eden space 192512K, 0% used [0x00000000e0000000,0x00000000e0000000,0x00000000ebc00000)
  from space 158720K, 68% used [0x00000000f6500000,0x00000000fcfa9490,0x0000000100000000)
  to   space 165888K, 0% used [0x00000000ebc00000,0x00000000ebc00000,0x00000000f5e00000)
 ParOldGen       total 1048576K, used 600415K [0x00000000a0000000, 0x00000000e0000000, 0x00000000e0000000)
  object space 1048576K, 57% used [0x00000000a0000000,0x00000000c4a57db8,0x00000000e0000000)
 Metaspace       used 93666K, capacity 97658K, committed 97880K, reserved 1134592K
  class space    used 11856K, capacity 12634K, committed 12672K, reserved 1048576K
}
Event: 130.197 GC heap before
{Heap before GC invocations=26 (full 3):
 PSYoungGen      total 351232K, used 301733K [0x00000000e0000000, 0x0000000100000000, 0x0000000100000000)
  eden space 192512K, 100% used [0x00000000e0000000,0x00000000ebc00000,0x00000000ebc00000)
  from space 158720K, 68% used [0x00000000f6500000,0x00000000fcfa9490,0x0000000100000000)
  to   space 165888K, 0% used [0x00000000ebc00000,0x00000000ebc00000,0x00000000f5e00000)
 ParOldGen       total 1048576K, used 622626K [0x00000000a0000000, 0x00000000e0000000, 0x00000000e0000000)
  object space 1048576K, 59% used [0x00000000a0000000,0x00000000c6008ae0,0x00000000e0000000)
 Metaspace       used 93667K, capacity 97658K, committed 97880K, reserved 1134592K
  class space    used 11856K, capacity 12634K, committed 12672K, reserved 1048576K
Event: 130.228 GC heap after
Heap after GC invocations=26 (full 3):
 PSYoungGen      total 358400K, used 95057K [0x00000000e0000000, 0x0000000100000000, 0x0000000100000000)
  eden space 192512K, 0% used [0x00000000e0000000,0x00000000e0000000,0x00000000ebc00000)
  from space 165888K, 57% used [0x00000000ebc00000,0x00000000f18d46f0,0x00000000f5e00000)
  to   space 165888K, 0% used [0x00000000f5e00000,0x00000000f5e00000,0x0000000100000000)
 ParOldGen       total 1048576K, used 739349K [0x00000000a0000000, 0x00000000e0000000, 0x00000000e0000000)
  object space 1048576K, 70% used [0x00000000a0000000,0x00000000cd2055e8,0x00000000e0000000)
 Metaspace       used 93667K, capacity 97658K, committed 97880K, reserved 1134592K
  class space    used 11856K, capacity 12634K, committed 12672K, reserved 1048576K
}
Event: 131.202 GC heap before
{Heap before GC invocations=27 (full 3):
 PSYoungGen      total 358400K, used 287569K [0x00000000e0000000, 0x0000000100000000, 0x0000000100000000)
  eden space 192512K, 100% used [0x00000000e0000000,0x00000000ebc00000,0x00000000ebc00000)
  from space 165888K, 57% used [0x00000000ebc00000,0x00000000f18d46f0,0x00000000f5e00000)
  to   space 165888K, 0% used [0x00000000f5e00000,0x00000000f5e00000,0x0000000100000000)
 ParOldGen       total 1048576K, used 830779K [0x00000000a0000000, 0x00000000e0000000, 0x00000000e0000000)
  object space 1048576K, 79% used [0x00000000a0000000,0x00000000d2b4ee48,0x00000000e0000000)
 Metaspace       used 93681K, capacity 97664K, committed 97880K, reserved 1134592K
  class space    used 11857K, capacity 12635K, committed 12672K, reserved 1048576K
Event: 131.231 GC heap after
Heap after GC invocations=27 (full 3):
 PSYoungGen      total 342016K, used 65751K [0x00000000e0000000, 0x00000000ff000000, 0x0000000100000000)
  eden space 192512K, 0% used [0x00000000e0000000,0x00000000e0000000,0x00000000ebc00000)
  from space 149504K, 43% used [0x00000000f5e00000,0x00000000f9e35d58,0x00000000ff000000)
  to   space 157696K, 0% used [0x00000000ebc00000,0x00000000ebc00000,0x00000000f5600000)
 ParOldGen       total 1048576K, used 925620K [0x00000000a0000000, 0x00000000e0000000, 0x00000000e0000000)
  object space 1048576K, 88% used [0x00000000a0000000,0x00000000d87ed300,0x00000000e0000000)
 Metaspace       used 93681K, capacity 97664K, committed 97880K, reserved 1134592K
  class space    used 11857K, capacity 12635K, committed 12672K, reserved 1048576K
}
Event: 131.231 GC heap before
{Heap before GC invocations=28 (full 4):
 PSYoungGen      total 342016K, used 65751K [0x00000000e0000000, 0x00000000ff000000, 0x0000000100000000)
  eden space 192512K, 0% used [0x00000000e0000000,0x00000000e0000000,0x00000000ebc00000)
  from space 149504K, 43% used [0x00000000f5e00000,0x00000000f9e35d58,0x00000000ff000000)
  to   space 157696K, 0% used [0x00000000ebc00000,0x00000000ebc00000,0x00000000f5600000)
 ParOldGen       total 1048576K, used 925620K [0x00000000a0000000, 0x00000000e0000000, 0x00000000e0000000)
  object space 1048576K, 88% used [0x00000000a0000000,0x00000000d87ed300,0x00000000e0000000)
 Metaspace       used 93681K, capacity 97664K, committed 97880K, reserved 1134592K
  class space    used 11857K, capacity 12635K, committed 12672K, reserved 1048576K

Deoptimization events (10 events):
Event: 129.297 Thread 0x000000001d19b800 Uncommon trap: reason=speculate_class_check action=maybe_recompile pc=0x0000000005ee8c0c method=java.nio.charset.CharsetDecoder.decode(Ljava/nio/ByteBuffer;Ljava/nio/CharBuffer;Z)Ljava/nio/charset/CoderResult; @ 57
Event: 129.297 Thread 0x000000001d19b800 Uncommon trap: reason=speculate_class_check action=maybe_recompile pc=0x0000000005ed34f8 method=java.nio.charset.CharsetDecoder.flush(Ljava/nio/CharBuffer;)Ljava/nio/charset/CoderResult; @ 10
Event: 129.297 Thread 0x000000001d19b800 Uncommon trap: reason=speculate_class_check action=maybe_recompile pc=0x0000000005ed34f8 method=java.nio.charset.CharsetDecoder.flush(Ljava/nio/CharBuffer;)Ljava/nio/charset/CoderResult; @ 10
Event: 129.309 Thread 0x000000001d19b800 Uncommon trap: reason=bimorphic action=maybe_recompile pc=0x0000000005df0d8c method=com.google.common.collect.ImmutableMap.copyOf(Ljava/util/Map;)Lcom/google/common/collect/ImmutableMap; @ 49
Event: 129.309 Thread 0x000000001d19b800 Uncommon trap: reason=bimorphic action=maybe_recompile pc=0x0000000005db11a4 method=com.google.common.collect.Iterables.toArray(Ljava/lang/Iterable;[Ljava/lang/Object;)[Ljava/lang/Object; @ 7
Event: 129.316 Thread 0x000000001d19b800 Uncommon trap: reason=unstable_if action=reinterpret pc=0x0000000005ceacc4 method=sun.util.calendar.BaseCalendar.getFixedDate(IIILsun/util/calendar/BaseCalendar$Date;)J @ 90
Event: 129.342 Thread 0x000000001d19b800 Uncommon trap: reason=class_check action=maybe_recompile pc=0x00000000031700c0 method=java.lang.Throwable.<init>(Ljava/lang/String;Ljava/lang/Throwable;)V @ 24
Event: 129.366 Thread 0x000000001d19b800 Uncommon trap: reason=speculate_class_check action=maybe_recompile pc=0x0000000005eef164 method=java.nio.charset.CharsetDecoder.flush(Ljava/nio/CharBuffer;)Ljava/nio/charset/CoderResult; @ 10
Event: 129.367 Thread 0x000000001d19b800 Uncommon trap: reason=speculate_class_check action=maybe_recompile pc=0x0000000005eef164 method=java.nio.charset.CharsetDecoder.flush(Ljava/nio/CharBuffer;)Ljava/nio/charset/CoderResult; @ 10
Event: 129.409 Thread 0x000000001d19b800 Uncommon trap: reason=unstable_if action=reinterpret pc=0x0000000005f0fb10 method=com.android.builder.packaging.PackagingUtils.lambda$getNoCompressPredicateForExtensions$0(Ljava/lang/Iterable;Ljava/lang/String;)Z @ 34

Classes redefined (0 events):
No events

Internal exceptions (10 events):
Event: 126.300 Thread 0x000000001d576000 Exception <a 'sun/nio/fs/WindowsException'> (0x00000000e4b3a6d0) thrown at [D:\src\AOSP-openjdk-cygwin\jdk8u\hotspot\src\share\vm\prims\jni.cpp, line 709]
Event: 126.301 Thread 0x000000001d576000 Exception <a 'sun/nio/fs/WindowsException'> (0x00000000e4b3b2f8) thrown at [D:\src\AOSP-openjdk-cygwin\jdk8u\hotspot\src\share\vm\prims\jni.cpp, line 709]
Event: 126.303 Thread 0x000000001d579000 Exception <a 'sun/nio/fs/WindowsException'> (0x00000000e49eb7b0) thrown at [D:\src\AOSP-openjdk-cygwin\jdk8u\hotspot\src\share\vm\prims\jni.cpp, line 709]
Event: 126.303 Thread 0x000000001d572000 Exception <a 'sun/nio/fs/WindowsException'> (0x00000000e4e64b48) thrown at [D:\src\AOSP-openjdk-cygwin\jdk8u\hotspot\src\share\vm\prims\jni.cpp, line 709]
Event: 126.303 Thread 0x000000001d579000 Exception <a 'sun/nio/fs/WindowsException'> (0x00000000e49ec3f0) thrown at [D:\src\AOSP-openjdk-cygwin\jdk8u\hotspot\src\share\vm\prims\jni.cpp, line 709]
Event: 126.418 Thread 0x0000000019672000 Exception <a 'java/lang/NoSuchMethodError': java.lang.Object.lambda$asRunnable$0(Lcom/android/apkzlib/utils/IOExceptionRunnable;)V> (0x00000000e59affa8) thrown at [D:\src\AOSP-openjdk-cygwin\jdk8u\hotspot\src\share\vm\interpreter\linkResolver.cpp, line 58
Event: 128.058 Thread 0x0000000019672000 Implicit null exception at 0x000000000589286a to 0x00000000058928b9
Event: 128.058 Thread 0x0000000019672000 Implicit null exception at 0x00000000053e3e30 to 0x00000000053e3e40
Event: 129.345 Thread 0x000000001d19b800 Exception <a 'java/lang/NoSuchMethodError': java.lang.Object.lambda$comparing$ea9a8b3a$1(Ljava/util/Comparator;Ljava/util/function/Function;Ljava/lang/Object;Ljava/lang/Object;)I> (0x00000000e110acf0) thrown at [D:\src\AOSP-openjdk-cygwin\jdk8u\hotspot\sr
Event: 129.375 Thread 0x000000001d19b800 Exception <a 'java/lang/NoSuchMethodError': java.lang.Object.lambda$or$2(Ljava/util/function/Predicate;Ljava/lang/Object;)Z> (0x00000000e3047758) thrown at [D:\src\AOSP-openjdk-cygwin\jdk8u\hotspot\src\share\vm\interpreter\linkResolver.cpp, line 584]

Events (10 events):
Event: 131.148 Executing VM operation: RevokeBias done
Event: 131.149 Thread 0x000000001d19b800 DEOPT PACKING pc=0x0000000004d143f3 sp=0x000000002ad7ea00
Event: 131.149 Thread 0x000000001d19b800 DEOPT UNPACKING pc=0x00000000028475d0 sp=0x000000002ad7e750 mode 0
Event: 131.180 Executing VM operation: RevokeBias
Event: 131.180 Executing VM operation: RevokeBias done
Event: 131.180 Executing VM operation: RevokeBias
Event: 131.180 Executing VM operation: RevokeBias done
Event: 131.201 Executing VM operation: ParallelGCFailedAllocation
Event: 131.201 Executing VM operation: ParallelGCFailedAllocation done
Event: 131.201 Executing VM operation: ParallelGCSystemGC


Dynamic libraries:
0x00007ff65c2d0000 - 0x00007ff65c301000 	C:\Program Files\Android\Android Studio\jre\bin\java.exe
0x00007fff2da20000 - 0x00007fff2dc01000 	C:\Windows\SYSTEM32\ntdll.dll
0x00007fff2b160000 - 0x00007fff2b211000 	C:\Windows\System32\KERNEL32.DLL
0x00007fff2a0e0000 - 0x00007fff2a353000 	C:\Windows\System32\KERNELBASE.dll
0x00007fff2d420000 - 0x00007fff2d4c1000 	C:\Windows\System32\ADVAPI32.dll
0x00007fff2aeb0000 - 0x00007fff2af4e000 	C:\Windows\System32\msvcrt.dll
0x00007fff2b7d0000 - 0x00007fff2b82b000 	C:\Windows\System32\sechost.dll
0x00007fff2bc40000 - 0x00007fff2bd64000 	C:\Windows\System32\RPCRT4.dll
0x00007fff2afd0000 - 0x00007fff2b160000 	C:\Windows\System32\USER32.dll
0x00007fff2a360000 - 0x00007fff2a380000 	C:\Windows\System32\win32u.dll
0x00007fff2d3e0000 - 0x00007fff2d408000 	C:\Windows\System32\GDI32.dll
0x00007fff2a460000 - 0x00007fff2a5f1000 	C:\Windows\System32\gdi32full.dll
0x00007fff2ad10000 - 0x00007fff2adaf000 	C:\Windows\System32\msvcp_win.dll
0x00007fff29df0000 - 0x00007fff29ee8000 	C:\Windows\System32\ucrtbase.dll
0x00007fff16930000 - 0x00007fff16b99000 	C:\Windows\WinSxS\amd64_microsoft.windows.common-controls_6595b64144ccf1df_6.0.17134.885_none_fb42a3473065565f\COMCTL32.dll
0x00007fff2d4d0000 - 0x00007fff2d7f2000 	C:\Windows\System32\combase.dll
0x00007fff2a3e0000 - 0x00007fff2a459000 	C:\Windows\System32\bcryptPrimitives.dll
0x00007fff2b7a0000 - 0x00007fff2b7cd000 	C:\Windows\System32\IMM32.DLL
0x000000005f6f0000 - 0x000000005f7c2000 	C:\Program Files\Android\Android Studio\jre\jre\bin\msvcr100.dll
0x000000005f7d0000 - 0x0000000060011000 	C:\Program Files\Android\Android Studio\jre\jre\bin\server\jvm.dll
0x00007fff2d410000 - 0x00007fff2d418000 	C:\Windows\System32\PSAPI.DLL
0x00007fff265a0000 - 0x00007fff265a9000 	C:\Windows\SYSTEM32\WSOCK32.dll
0x00007fff2bed0000 - 0x00007fff2bf3c000 	C:\Windows\System32\WS2_32.dll
0x00007fff27cc0000 - 0x00007fff27ce3000 	C:\Windows\SYSTEM32\WINMM.dll
0x00007fff249f0000 - 0x00007fff249fa000 	C:\Windows\SYSTEM32\VERSION.dll
0x00007fff27b70000 - 0x00007fff27b9a000 	C:\Windows\SYSTEM32\WINMMBASE.dll
0x00007fff2ae60000 - 0x00007fff2aea9000 	C:\Windows\System32\cfgmgr32.dll
0x00007fff26580000 - 0x00007fff2658f000 	C:\Program Files\Android\Android Studio\jre\jre\bin\verify.dll
0x00007fff26440000 - 0x00007fff26469000 	C:\Program Files\Android\Android Studio\jre\jre\bin\java.dll
0x00007fff263f0000 - 0x00007fff26406000 	C:\Program Files\Android\Android Studio\jre\jre\bin\zip.dll
0x00007fff2bf40000 - 0x00007fff2d380000 	C:\Windows\System32\SHELL32.dll
0x00007fff2b670000 - 0x00007fff2b719000 	C:\Windows\System32\shcore.dll
0x00007fff2a600000 - 0x00007fff2ad0d000 	C:\Windows\System32\windows.storage.dll
0x00007fff2af50000 - 0x00007fff2afa1000 	C:\Windows\System32\shlwapi.dll
0x00007fff29dd0000 - 0x00007fff29de1000 	C:\Windows\System32\kernel.appcore.dll
0x00007fff29d50000 - 0x00007fff29d6f000 	C:\Windows\System32\profapi.dll
0x00007fff29d70000 - 0x00007fff29dbc000 	C:\Windows\System32\powrprof.dll
0x00007fff29dc0000 - 0x00007fff29dca000 	C:\Windows\System32\FLTLIB.DLL
0x00007fff260f0000 - 0x00007fff2610a000 	C:\Program Files\Android\Android Studio\jre\jre\bin\net.dll
0x00007fff29180000 - 0x00007fff291e6000 	C:\Windows\system32\mswsock.dll
0x00007fff237c0000 - 0x00007fff237d1000 	C:\Program Files\Android\Android Studio\jre\jre\bin\nio.dll
0x00007fff18460000 - 0x00007fff1847e000 	C:\Users\tutu-shenkun\.gradle\native\25\windows-amd64\native-platform.dll
0x00007fff26430000 - 0x00007fff2643d000 	C:\Program Files\Android\Android Studio\jre\jre\bin\management.dll
0x00007fff29a30000 - 0x00007fff29a47000 	C:\Windows\SYSTEM32\CRYPTSP.dll
0x00007fff28d80000 - 0x00007fff28db3000 	C:\Windows\system32\rsaenh.dll
0x00007fff29760000 - 0x00007fff29785000 	C:\Windows\SYSTEM32\bcrypt.dll
0x00007fff29c60000 - 0x00007fff29c88000 	C:\Windows\SYSTEM32\USERENV.dll
0x00007fff292e0000 - 0x00007fff292eb000 	C:\Windows\SYSTEM32\CRYPTBASE.dll
0x00007fff28f20000 - 0x00007fff28f58000 	C:\Windows\SYSTEM32\IPHLPAPI.DLL
0x00007fff2bc30000 - 0x00007fff2bc38000 	C:\Windows\System32\NSI.dll
0x00007fff24820000 - 0x00007fff24836000 	C:\Windows\SYSTEM32\dhcpcsvc6.DLL
0x00007fff24800000 - 0x00007fff2481a000 	C:\Windows\SYSTEM32\dhcpcsvc.DLL
0x00007ffee7450000 - 0x00007ffee75e8000 	C:\Program Files\Android\Android Studio\jre\jre\bin\awt.dll
0x00007fff2bb50000 - 0x00007fff2bc12000 	C:\Windows\System32\OLEAUT32.dll
0x00007fff26cd0000 - 0x00007fff27297000 	C:\Windows\SYSTEM32\d2d1.dll
0x00007fff27dc0000 - 0x00007fff27e4b000 	C:\Windows\SYSTEM32\apphelp.dll
0x00007fff280f0000 - 0x00007fff28119000 	C:\Windows\system32\DWMAPI.DLL
0x00007fff27f70000 - 0x00007fff28008000 	C:\Windows\system32\uxtheme.dll
0x00007fff1d470000 - 0x00007fff1d48e000 	C:\Users\tutu-shenkun\AppData\Local\Temp\native-platform3833663415326989868dir\native-platform.dll
0x00007fff28a70000 - 0x00007fff28aa1000 	C:\Windows\SYSTEM32\ntmarta.dll
0x00007fff29860000 - 0x00007fff29a29000 	C:\Windows\SYSTEM32\dbghelp.dll

VM Arguments:
jvm_args: -Xmx1536m -Dfile.encoding=GBK -Duser.country=CN -Duser.language=zh -Duser.variant 
java_command: org.gradle.launcher.daemon.bootstrap.GradleDaemon 5.1.1
java_class_path (initial): C:\Users\tutu-shenkun\.gradle\wrapper\dists\gradle-5.1.1-all\97z1ksx6lirer3kbvdnh7jtjg\gradle-5.1.1\lib\gradle-launcher-5.1.1.jar
Launcher Type: SUN_STANDARD

Environment Variables:
PATH=C:\ProgramData\DockerDesktop\version-bin;C:\Program Files\Docker\Docker\Resources\bin;C:\Program Files (x86)\Common Files\Oracle\Java\javapath;C:\Windows\system32;C:\Windows;C:\Windows\System32\Wbem;C:\Windows\System32\WindowsPowerShell\v1.0\;C:\Windows\System32\OpenSSH\;D:\sdk\platform-tools;D:\sdk\tools;C:\Program Files\Git\cmd;C:\MinGW\bin;D:\ffmpeg-4.1.1-win64-shared\ffmpeg-4.1.1-win64-shared\bin;C:\Program Files\IDM Computer Solutions\UltraCompare;D:\work\swigwin-3.0.12;D:\OpenGLES Pro Demo\vcpkg-master\vcpkg-master;C:\Program Files\CMake\bin;C:\Users\tutu-shenkun\AppData\Local\Microsoft\WindowsApps;;C:\Users\tutu-shenkun\AppData\Local\Programs\Microsoft VS Code\bin;C:\Users\tutu-shenkun\Documents\IDM Computer Solutions\UltraEdit;C:\Program Files\JetBrains\IntelliJ IDEA Community Edition 2019.1.1\bin;;C:\Program Files\JetBrains\IntelliJ IDEA 2019.1.1\bin;
USERNAME=tutu-shenkun
OS=Windows_NT
PROCESSOR_IDENTIFIER=Intel64 Family 6 Model 94 Stepping 3, GenuineIntel



---------------  S Y S T E M  ---------------

OS: Windows 10.0 , 64 bit Build 17134 (10.0.17134.753)

CPU:total 4 (initial active 4) (4 cores per cpu, 1 threads per core) family 6 model 94 stepping 3, cmov, cx8, fxsr, mmx, sse, sse2, sse3, ssse3, sse4.1, sse4.2, popcnt, avx, avx2, aes, clmul, erms, rtm, 3dnowpref, lzcnt, tsc, tscinvbit, bmi1, bmi2, adx

Memory: 4k page, physical 65119432k(48361808k free), swap 74556616k(55108008k free)

vm_info: OpenJDK 64-Bit Server VM (25.152-b01) for windows-amd64 JRE (1.8.0_152-release-1343-b01), built by "builder" with MS VC++ 10.0 (VS2010)

time: Wed Jul 17 20:09:02 2019
elapsed time: 131 seconds (0d 0h 2m 11s)

